2025-12-17 15:33:00 | WARN | repo=richrates | action=commit
2025-02-21 19:38:00 | WARN | repo=richrates | action=commit
2025-03-19 12:57:00 | DEBUG | repo=richrates | action=edit | files=1
2025-05-22 17:53:00 | DEBUG | repo=richrates | action=test | passed=true
2025-09-02 21:14:00 | INFO | repo=richrates | action=edit | files=1
2025-09-03 13:36:00 | INFO | repo=richrates | action=commit
2025-07-14 21:05:00 | INFO | repo=richrates | action=pull
2025-12-20 07:55:00 | INFO | repo=richrates | action=commit
2025-08-24 19:51:00 | WARN | repo=richrates | action=commit
2025-02-07 08:43:00 | DEBUG | repo=richrates | action=commit
2025-10-09 16:58:00 | WARN | repo=richrates | action=pull
2025-06-06 21:02:00 | WARN | repo=richrates | action=test | passed=true
2025-06-18 20:06:00 | INFO | repo=richrates | action=pull
2025-02-24 16:10:00 | DEBUG | repo=richrates | action=test | passed=true
2025-11-12 14:44:00 | DEBUG | repo=richrates | action=test | passed=true
2025-05-15 21:23:00 | WARN | repo=richrates | action=commit
2025-05-09 16:24:00 | WARN | repo=richrates | action=pull
2025-09-03 21:25:00 | INFO | repo=richrates | action=pull
2025-04-25 21:37:00 | WARN | repo=richrates | action=edit | files=2
2025-10-22 12:21:00 | INFO | repo=richrates | action=commit
2025-09-12 13:31:00 | DEBUG | repo=richrates | action=test | passed=true
2025-10-21 15:50:00 | WARN | repo=richrates | action=commit
2025-07-05 16:56:00 | DEBUG | repo=richrates | action=edit | files=2
2025-10-20 19:52:00 | WARN | repo=richrates | action=commit
2025-03-04 12:05:00 | INFO | repo=richrates | action=pull
2025-04-28 15:22:00 | INFO | repo=richrates | action=commit
2025-08-28 21:40:00 | DEBUG | repo=richrates | action=pull
2025-03-05 15:01:00 | WARN | repo=richrates | action=commit
2025-12-12 18:46:00 | DEBUG | repo=richrates | action=commit
2025-02-23 16:45:00 | DEBUG | repo=richrates | action=commit
2025-10-10 19:04:00 | WARN | repo=richrates | action=commit
2025-05-10 08:16:00 | INFO | repo=richrates | action=commit
2025-01-02 11:14:00 | INFO | repo=richrates | action=pull
2025-03-27 19:10:00 | INFO | repo=richrates | action=commit
2025-10-01 08:22:00 | WARN | repo=richrates | action=pull
2025-09-21 07:59:00 | DEBUG | repo=richrates | action=commit
2025-11-12 12:42:00 | DEBUG | repo=richrates | action=commit
2025-05-12 15:16:00 | WARN | repo=richrates | action=commit
2025-05-27 11:34:00 | DEBUG | repo=richrates | action=commit
2025-07-27 18:03:00 | INFO | repo=richrates | action=commit
2025-12-04 19:59:00 | WARN | repo=richrates | action=commit
2025-12-21 12:42:00 | WARN | repo=richrates | action=commit
2025-10-26 20:33:00 | WARN | repo=richrates | action=edit | files=3
2025-01-08 12:55:00 | WARN | repo=richrates | action=commit
